/*C4*/SET SCHEMA PUBLIC
SET DATABASE SQL SYNTAX MYS TRUE
DISCONNECT
/*C5*/SET SCHEMA PUBLIC
SET DATABASE SQL SYNTAX MYS TRUE
CREATE TABLE IF NOT EXISTS ConfigInfo(variable VARCHAR(32) NOT NULL UNIQUE, data VARCHAR(255) NOT NULL)
DISCONNECT
/*C6*/SET SCHEMA PUBLIC
SET DATABASE SQL SYNTAX MYS TRUE
DISCONNECT
/*C7*/SET SCHEMA PUBLIC
SET DATABASE SQL SYNTAX MYS TRUE
DISCONNECT
/*C8*/SET SCHEMA PUBLIC
SET DATABASE SQL SYNTAX MYS TRUE
DISCONNECT
/*C9*/SET SCHEMA PUBLIC
SET DATABASE SQL SYNTAX MYS TRUE
CREATE TABLE IF NOT EXISTS PatientInfo(id INTEGER IDENTITY PRIMARY KEY,name VARCHAR(32),is_infected bit,test_count int,first_test_date INT,last_test_date INT)
DELETE FROM PATIENTINFO WHERE ID=343496
INSERT INTO PATIENTINFO VALUES(343496,'no Snow','1',2,1593320400,1593531271)
COMMIT
DISCONNECT
/*C10*/SET SCHEMA PUBLIC
SET DATABASE SQL SYNTAX MYS TRUE
DISCONNECT
/*C11*/SET SCHEMA PUBLIC
SET DATABASE SQL SYNTAX MYS TRUE
DISCONNECT
/*C12*/SET SCHEMA PUBLIC
SET DATABASE SQL SYNTAX MYS TRUE
CREATE TABLE IF NOT EXISTS ConfigInfo(variable VARCHAR(32) NOT NULL UNIQUE, data VARCHAR(255) NOT NULL)
DELETE FROM CONFIGINFO WHERE VARIABLE='infectionRate' AND DATA='0.002'
INSERT INTO CONFIGINFO VALUES('infectionRate','-0.1')
COMMIT
DISCONNECT
/*C13*/SET SCHEMA PUBLIC
SET DATABASE SQL SYNTAX MYS TRUE
DISCONNECT
/*C14*/SET SCHEMA PUBLIC
SET DATABASE SQL SYNTAX MYS TRUE
DISCONNECT
